INFO [2020-08-07 22:15:36] $x
INFO [2020-08-07 22:15:36] list(Set1 = Set1, Set2 = Set2, Set3 = Set3, Set4 = Set4, Set5 = Set5)
INFO [2020-08-07 22:15:36] 
INFO [2020-08-07 22:15:36] $filename
INFO [2020-08-07 22:15:36] NULL
INFO [2020-08-07 22:15:36] 
INFO [2020-08-07 22:15:36] $col
INFO [2020-08-07 22:15:36] [1] "black"
INFO [2020-08-07 22:15:36] 
INFO [2020-08-07 22:15:36] $fill
INFO [2020-08-07 22:15:36] c("dodgerblue", "goldenrod1", "darkorange1", "seagreen3", "orchid3")
INFO [2020-08-07 22:15:36] 
INFO [2020-08-07 22:15:36] $alpha
INFO [2020-08-07 22:15:36] [1] 0.5
INFO [2020-08-07 22:15:36] 
INFO [2020-08-07 22:15:36] $cex
INFO [2020-08-07 22:15:36] c(1.5, 1.5, 1.5, 1.5, 1.5, 1, 0.8, 1, 0.8, 1, 0.8, 1, 0.8, 1, 
INFO [2020-08-07 22:15:36]     0.8, 1, 0.55, 1, 0.55, 1, 0.55, 1, 0.55, 1, 0.55, 1, 1, 1, 
INFO [2020-08-07 22:15:36]     1, 1, 1.5)
INFO [2020-08-07 22:15:36] 
INFO [2020-08-07 22:15:36] $cat.col
INFO [2020-08-07 22:15:36] c("dodgerblue", "goldenrod1", "darkorange1", "seagreen3", "orchid3")
INFO [2020-08-07 22:15:36] 
INFO [2020-08-07 22:15:36] $cat.cex
INFO [2020-08-07 22:15:36] [1] 1.5
INFO [2020-08-07 22:15:36] 
INFO [2020-08-07 22:15:36] $cat.fontface
INFO [2020-08-07 22:15:36] [1] "bold"
INFO [2020-08-07 22:15:36] 
INFO [2020-08-07 22:15:36] $margin
INFO [2020-08-07 22:15:36] [1] 0.05
INFO [2020-08-07 22:15:36] 
