INFO [2020-08-07 21:38:02] $x
INFO [2020-08-07 21:38:02] list(Set1 = Set1)
INFO [2020-08-07 21:38:02] 
INFO [2020-08-07 21:38:02] $filename
INFO [2020-08-07 21:38:02] NULL
INFO [2020-08-07 21:38:02] 
INFO [2020-08-07 21:38:02] $col
INFO [2020-08-07 21:38:02] [1] "black"
INFO [2020-08-07 21:38:02] 
INFO [2020-08-07 21:38:02] $lwd
INFO [2020-08-07 21:38:02] [1] 9
INFO [2020-08-07 21:38:02] 
INFO [2020-08-07 21:38:02] $fontface
INFO [2020-08-07 21:38:02] [1] "bold"
INFO [2020-08-07 21:38:02] 
INFO [2020-08-07 21:38:02] $fill
INFO [2020-08-07 21:38:02] [1] "grey"
INFO [2020-08-07 21:38:02] 
INFO [2020-08-07 21:38:02] $alpha
INFO [2020-08-07 21:38:02] [1] 0.75
INFO [2020-08-07 21:38:02] 
INFO [2020-08-07 21:38:02] $cex
INFO [2020-08-07 21:38:02] [1] 4
INFO [2020-08-07 21:38:02] 
INFO [2020-08-07 21:38:02] $cat.cex
INFO [2020-08-07 21:38:02] [1] 3
INFO [2020-08-07 21:38:02] 
INFO [2020-08-07 21:38:02] $cat.fontface
INFO [2020-08-07 21:38:02] [1] "bold"
INFO [2020-08-07 21:38:02] 
INFO [2020-08-07 21:38:02] [[11]]
INFO [2020-08-07 21:38:02] 
INFO [2020-08-07 21:38:02] 
