INFO [2020-08-07 21:32:45] $x
INFO [2020-08-07 21:32:45] list(Set1, Set2)
INFO [2020-08-07 21:32:45] 
INFO [2020-08-07 21:32:45] $filename
INFO [2020-08-07 21:32:45] NULL
INFO [2020-08-07 21:32:45] 
INFO [2020-08-07 21:32:45] $scaled
INFO [2020-08-07 21:32:45] [1] TRUE
INFO [2020-08-07 21:32:45] 
INFO [2020-08-07 21:32:45] $ext.text
INFO [2020-08-07 21:32:45] [1] TRUE
INFO [2020-08-07 21:32:45] 
INFO [2020-08-07 21:32:45] $ext.line.lwd
INFO [2020-08-07 21:32:45] [1] 2
INFO [2020-08-07 21:32:45] 
INFO [2020-08-07 21:32:45] $ext.dist
INFO [2020-08-07 21:32:45] -0.15
INFO [2020-08-07 21:32:45] 
INFO [2020-08-07 21:32:45] $ext.length
INFO [2020-08-07 21:32:45] [1] 0.9
INFO [2020-08-07 21:32:45] 
INFO [2020-08-07 21:32:45] $ext.pos
INFO [2020-08-07 21:32:45] -4
INFO [2020-08-07 21:32:45] 
INFO [2020-08-07 21:32:45] $inverted
INFO [2020-08-07 21:32:45] [1] TRUE
INFO [2020-08-07 21:32:45] 
INFO [2020-08-07 21:32:45] $cex
INFO [2020-08-07 21:32:45] [1] 2.5
INFO [2020-08-07 21:32:45] 
INFO [2020-08-07 21:32:45] $cat.cex
INFO [2020-08-07 21:32:45] [1] 2.5
INFO [2020-08-07 21:32:45] 
INFO [2020-08-07 21:32:45] $rotation.degree
INFO [2020-08-07 21:32:45] [1] 45
INFO [2020-08-07 21:32:45] 
INFO [2020-08-07 21:32:45] $main
INFO [2020-08-07 21:32:45] [1] "Complex Venn Diagram"
INFO [2020-08-07 21:32:45] 
INFO [2020-08-07 21:32:45] $sub
INFO [2020-08-07 21:32:45] [1] "Featuring: rotation and external lines"
INFO [2020-08-07 21:32:45] 
INFO [2020-08-07 21:32:45] $main.cex
INFO [2020-08-07 21:32:45] [1] 2
INFO [2020-08-07 21:32:45] 
INFO [2020-08-07 21:32:45] $sub.cex
INFO [2020-08-07 21:32:45] [1] 1
INFO [2020-08-07 21:32:45] 
ERROR [2020-08-07 21:32:45] Unexpected parameter length for 'category'
