INFO [2020-08-07 21:32:38] $x
INFO [2020-08-07 21:32:38] list(Set1, Set2)
INFO [2020-08-07 21:32:38] 
INFO [2020-08-07 21:32:38] $filename
INFO [2020-08-07 21:32:38] NULL
INFO [2020-08-07 21:32:38] 
INFO [2020-08-07 21:32:38] $scaled
INFO [2020-08-07 21:32:38] [1] TRUE
INFO [2020-08-07 21:32:38] 
INFO [2020-08-07 21:32:38] $ext.text
INFO [2020-08-07 21:32:38] [1] TRUE
INFO [2020-08-07 21:32:38] 
INFO [2020-08-07 21:32:38] $ext.line.lwd
INFO [2020-08-07 21:32:38] [1] 2
INFO [2020-08-07 21:32:38] 
INFO [2020-08-07 21:32:38] $ext.dist
INFO [2020-08-07 21:32:38] -0.15
INFO [2020-08-07 21:32:38] 
INFO [2020-08-07 21:32:38] $ext.length
INFO [2020-08-07 21:32:38] [1] 0.9
INFO [2020-08-07 21:32:38] 
INFO [2020-08-07 21:32:38] $ext.pos
INFO [2020-08-07 21:32:38] -4
INFO [2020-08-07 21:32:38] 
INFO [2020-08-07 21:32:38] $inverted
INFO [2020-08-07 21:32:38] [1] TRUE
INFO [2020-08-07 21:32:38] 
INFO [2020-08-07 21:32:38] $cex
INFO [2020-08-07 21:32:38] [1] 2.5
INFO [2020-08-07 21:32:38] 
INFO [2020-08-07 21:32:38] $cat.cex
INFO [2020-08-07 21:32:38] [1] 2.5
INFO [2020-08-07 21:32:38] 
INFO [2020-08-07 21:32:38] $rotation.degree
INFO [2020-08-07 21:32:38] [1] 45
INFO [2020-08-07 21:32:38] 
INFO [2020-08-07 21:32:38] $main
INFO [2020-08-07 21:32:38] [1] "Complex Venn Diagram"
INFO [2020-08-07 21:32:38] 
INFO [2020-08-07 21:32:38] $sub
INFO [2020-08-07 21:32:38] [1] "Featuring: rotation and external lines"
INFO [2020-08-07 21:32:38] 
INFO [2020-08-07 21:32:38] $main.cex
INFO [2020-08-07 21:32:38] [1] 2
INFO [2020-08-07 21:32:38] 
INFO [2020-08-07 21:32:38] $sub.cex
INFO [2020-08-07 21:32:38] [1] 1
INFO [2020-08-07 21:32:38] 
ERROR [2020-08-07 21:32:38] Unexpected parameter length for 'category'
