INFO [2020-08-07 22:14:46] $x
INFO [2020-08-07 22:14:46] list(Set1 = Set1, Set2 = Set2, Set3 = Set3, Set4 = Set4)
INFO [2020-08-07 22:14:46] 
INFO [2020-08-07 22:14:46] $filename
INFO [2020-08-07 22:14:46] NULL
INFO [2020-08-07 22:14:46] 
INFO [2020-08-07 22:14:46] $col
INFO [2020-08-07 22:14:46] [1] "black"
INFO [2020-08-07 22:14:46] 
INFO [2020-08-07 22:14:46] $lty
INFO [2020-08-07 22:14:46] [1] "dotted"
INFO [2020-08-07 22:14:46] 
INFO [2020-08-07 22:14:46] $lwd
INFO [2020-08-07 22:14:46] [1] 4
INFO [2020-08-07 22:14:46] 
INFO [2020-08-07 22:14:46] $fill
INFO [2020-08-07 22:14:46] c("cornflowerblue", "green", "yellow", "darkorchid1")
INFO [2020-08-07 22:14:46] 
INFO [2020-08-07 22:14:46] $alpha
INFO [2020-08-07 22:14:46] [1] 0.5
INFO [2020-08-07 22:14:46] 
INFO [2020-08-07 22:14:46] $label.col
INFO [2020-08-07 22:14:46] c("orange", "white", "darkorchid4", "white", "white", "white", 
INFO [2020-08-07 22:14:46]     "white", "white", "darkblue", "white", "white", "white", 
INFO [2020-08-07 22:14:46]     "white", "darkgreen", "white")
INFO [2020-08-07 22:14:46] 
INFO [2020-08-07 22:14:46] $cex
INFO [2020-08-07 22:14:46] [1] 2.5
INFO [2020-08-07 22:14:46] 
INFO [2020-08-07 22:14:46] $fontfamily
INFO [2020-08-07 22:14:46] [1] "serif"
INFO [2020-08-07 22:14:46] 
INFO [2020-08-07 22:14:46] $fontface
INFO [2020-08-07 22:14:46] [1] "bold"
INFO [2020-08-07 22:14:46] 
INFO [2020-08-07 22:14:46] $cat.col
INFO [2020-08-07 22:14:46] c("darkblue", "darkgreen", "orange", "darkorchid4")
INFO [2020-08-07 22:14:46] 
INFO [2020-08-07 22:14:46] $cat.cex
INFO [2020-08-07 22:14:46] [1] 2.5
INFO [2020-08-07 22:14:46] 
INFO [2020-08-07 22:14:46] $cat.fontfamily
INFO [2020-08-07 22:14:46] [1] "serif"
INFO [2020-08-07 22:14:46] 
