INFO [2020-08-07 22:14:17] $x
INFO [2020-08-07 22:14:17] list(Set1 = Set1, Set2 = Set2, Set3 = Set3)
INFO [2020-08-07 22:14:17] 
INFO [2020-08-07 22:14:17] $filename
INFO [2020-08-07 22:14:17] NULL
INFO [2020-08-07 22:14:17] 
INFO [2020-08-07 22:14:17] $col
INFO [2020-08-07 22:14:17] [1] "transparent"
INFO [2020-08-07 22:14:17] 
INFO [2020-08-07 22:14:17] $fill
INFO [2020-08-07 22:14:17] c("red", "blue", "green")
INFO [2020-08-07 22:14:17] 
INFO [2020-08-07 22:14:17] $alpha
INFO [2020-08-07 22:14:17] [1] 0.5
INFO [2020-08-07 22:14:17] 
INFO [2020-08-07 22:14:17] $label.col
INFO [2020-08-07 22:14:17] c("darkred", "white", "darkblue", "white", "white", "white", 
INFO [2020-08-07 22:14:17]     "darkgreen")
INFO [2020-08-07 22:14:17] 
INFO [2020-08-07 22:14:17] $cex
INFO [2020-08-07 22:14:17] [1] 2.5
INFO [2020-08-07 22:14:17] 
INFO [2020-08-07 22:14:17] $fontfamily
INFO [2020-08-07 22:14:17] [1] "serif"
INFO [2020-08-07 22:14:17] 
INFO [2020-08-07 22:14:17] $fontface
INFO [2020-08-07 22:14:17] [1] "bold"
INFO [2020-08-07 22:14:17] 
INFO [2020-08-07 22:14:17] $cat.default.pos
INFO [2020-08-07 22:14:17] [1] "text"
INFO [2020-08-07 22:14:17] 
INFO [2020-08-07 22:14:17] $cat.col
INFO [2020-08-07 22:14:17] c("darkred", "darkblue", "darkgreen")
INFO [2020-08-07 22:14:17] 
INFO [2020-08-07 22:14:17] $cat.cex
INFO [2020-08-07 22:14:17] [1] 2.5
INFO [2020-08-07 22:14:17] 
INFO [2020-08-07 22:14:17] $cat.fontfamily
INFO [2020-08-07 22:14:17] [1] "serif"
INFO [2020-08-07 22:14:17] 
INFO [2020-08-07 22:14:17] $cat.dist
INFO [2020-08-07 22:14:17] c(0.06, 0.06, 0.03)
INFO [2020-08-07 22:14:17] 
INFO [2020-08-07 22:14:17] $cat.pos
INFO [2020-08-07 22:14:17] [1] 0
INFO [2020-08-07 22:14:17] 
