INFO [2020-08-07 21:39:39] $x
INFO [2020-08-07 21:39:39] list(Set1 = Set1, Set2 = Set2)
INFO [2020-08-07 21:39:39] 
INFO [2020-08-07 21:39:39] $filename
INFO [2020-08-07 21:39:39] NULL
INFO [2020-08-07 21:39:39] 
INFO [2020-08-07 21:39:39] $lwd
INFO [2020-08-07 21:39:39] [1] 4
INFO [2020-08-07 21:39:39] 
INFO [2020-08-07 21:39:39] $fill
INFO [2020-08-07 21:39:39] c("cornflowerblue", "darkorchid1")
INFO [2020-08-07 21:39:39] 
INFO [2020-08-07 21:39:39] $alpha
INFO [2020-08-07 21:39:39] [1] 0.75
INFO [2020-08-07 21:39:39] 
INFO [2020-08-07 21:39:39] $label.col
INFO [2020-08-07 21:39:39] [1] "white"
INFO [2020-08-07 21:39:39] 
INFO [2020-08-07 21:39:39] $cex
INFO [2020-08-07 21:39:39] [1] 4
INFO [2020-08-07 21:39:39] 
INFO [2020-08-07 21:39:39] $fontfamily
INFO [2020-08-07 21:39:39] [1] "serif"
INFO [2020-08-07 21:39:39] 
INFO [2020-08-07 21:39:39] $fontface
INFO [2020-08-07 21:39:39] [1] "bold"
INFO [2020-08-07 21:39:39] 
INFO [2020-08-07 21:39:39] $cat.col
INFO [2020-08-07 21:39:39] c("cornflowerblue", "darkorchid1")
INFO [2020-08-07 21:39:39] 
INFO [2020-08-07 21:39:39] $cat.cex
INFO [2020-08-07 21:39:39] [1] 3
INFO [2020-08-07 21:39:39] 
INFO [2020-08-07 21:39:39] $cat.fontfamily
INFO [2020-08-07 21:39:39] [1] "serif"
INFO [2020-08-07 21:39:39] 
INFO [2020-08-07 21:39:39] $cat.fontface
INFO [2020-08-07 21:39:39] [1] "bold"
INFO [2020-08-07 21:39:39] 
INFO [2020-08-07 21:39:39] $cat.dist
INFO [2020-08-07 21:39:39] c(0.03, 0.03)
INFO [2020-08-07 21:39:39] 
INFO [2020-08-07 21:39:39] $cat.pos
INFO [2020-08-07 21:39:39] c(-20, 14)
INFO [2020-08-07 21:39:39] 
