INFO [2020-08-07 21:48:42] $x
INFO [2020-08-07 21:48:42] list(Set1 = Set1)
INFO [2020-08-07 21:48:42] 
INFO [2020-08-07 21:48:42] $filename
INFO [2020-08-07 21:48:42] NULL
INFO [2020-08-07 21:48:42] 
INFO [2020-08-07 21:48:42] $col
INFO [2020-08-07 21:48:42] [1] "black"
INFO [2020-08-07 21:48:42] 
INFO [2020-08-07 21:48:42] $lwd
INFO [2020-08-07 21:48:42] [1] 9
INFO [2020-08-07 21:48:42] 
INFO [2020-08-07 21:48:42] $fontface
INFO [2020-08-07 21:48:42] [1] "bold"
INFO [2020-08-07 21:48:42] 
INFO [2020-08-07 21:48:42] $fill
INFO [2020-08-07 21:48:42] [1] "grey"
INFO [2020-08-07 21:48:42] 
INFO [2020-08-07 21:48:42] $alpha
INFO [2020-08-07 21:48:42] [1] 0.75
INFO [2020-08-07 21:48:42] 
INFO [2020-08-07 21:48:42] $cex
INFO [2020-08-07 21:48:42] [1] 4
INFO [2020-08-07 21:48:42] 
INFO [2020-08-07 21:48:42] $cat.cex
INFO [2020-08-07 21:48:42] [1] 3
INFO [2020-08-07 21:48:42] 
INFO [2020-08-07 21:48:42] $cat.fontface
INFO [2020-08-07 21:48:42] [1] "bold"
INFO [2020-08-07 21:48:42] 
INFO [2020-08-07 21:48:42] [[11]]
INFO [2020-08-07 21:48:42] 
INFO [2020-08-07 21:48:42] 
INFO [2020-08-07 21:48:42] $x
INFO [2020-08-07 21:48:42] list(Set1 = Set1, Set2 = Set2)
INFO [2020-08-07 21:48:42] 
INFO [2020-08-07 21:48:42] $filename
INFO [2020-08-07 21:48:42] NULL
INFO [2020-08-07 21:48:42] 
INFO [2020-08-07 21:48:42] $lwd
INFO [2020-08-07 21:48:42] [1] 4
INFO [2020-08-07 21:48:42] 
INFO [2020-08-07 21:48:42] $fill
INFO [2020-08-07 21:48:42] c("cornflowerblue", "darkorchid1")
INFO [2020-08-07 21:48:42] 
INFO [2020-08-07 21:48:42] $alpha
INFO [2020-08-07 21:48:42] [1] 0.75
INFO [2020-08-07 21:48:42] 
INFO [2020-08-07 21:48:42] $label.col
INFO [2020-08-07 21:48:42] [1] "white"
INFO [2020-08-07 21:48:42] 
INFO [2020-08-07 21:48:42] $cex
INFO [2020-08-07 21:48:42] [1] 4
INFO [2020-08-07 21:48:42] 
INFO [2020-08-07 21:48:42] $fontfamily
INFO [2020-08-07 21:48:42] [1] "serif"
INFO [2020-08-07 21:48:42] 
INFO [2020-08-07 21:48:42] $fontface
INFO [2020-08-07 21:48:42] [1] "bold"
INFO [2020-08-07 21:48:42] 
INFO [2020-08-07 21:48:42] $cat.col
INFO [2020-08-07 21:48:42] c("cornflowerblue", "darkorchid1")
INFO [2020-08-07 21:48:42] 
INFO [2020-08-07 21:48:42] $cat.cex
INFO [2020-08-07 21:48:42] [1] 3
INFO [2020-08-07 21:48:42] 
INFO [2020-08-07 21:48:42] $cat.fontfamily
INFO [2020-08-07 21:48:42] [1] "serif"
INFO [2020-08-07 21:48:42] 
INFO [2020-08-07 21:48:42] $cat.fontface
INFO [2020-08-07 21:48:42] [1] "bold"
INFO [2020-08-07 21:48:42] 
INFO [2020-08-07 21:48:42] $cat.dist
INFO [2020-08-07 21:48:42] c(0.03, 0.03)
INFO [2020-08-07 21:48:42] 
INFO [2020-08-07 21:48:42] $cat.pos
INFO [2020-08-07 21:48:42] c(-20, 14)
INFO [2020-08-07 21:48:42] 
INFO [2020-08-07 21:48:42] $x
INFO [2020-08-07 21:48:42] list(Set1 = Set1, Set2 = Set2, Set3 = Set3)
INFO [2020-08-07 21:48:42] 
INFO [2020-08-07 21:48:42] $filename
INFO [2020-08-07 21:48:42] NULL
INFO [2020-08-07 21:48:42] 
INFO [2020-08-07 21:48:42] $col
INFO [2020-08-07 21:48:42] [1] "transparent"
INFO [2020-08-07 21:48:42] 
INFO [2020-08-07 21:48:42] $fill
INFO [2020-08-07 21:48:42] c("red", "blue", "green")
INFO [2020-08-07 21:48:42] 
INFO [2020-08-07 21:48:42] $alpha
INFO [2020-08-07 21:48:42] [1] 0.5
INFO [2020-08-07 21:48:42] 
INFO [2020-08-07 21:48:42] $label.col
INFO [2020-08-07 21:48:42] c("darkred", "white", "darkblue", "white", "white", "white", 
INFO [2020-08-07 21:48:42]     "darkgreen")
INFO [2020-08-07 21:48:42] 
INFO [2020-08-07 21:48:42] $cex
INFO [2020-08-07 21:48:42] [1] 2.5
INFO [2020-08-07 21:48:42] 
INFO [2020-08-07 21:48:42] $fontfamily
INFO [2020-08-07 21:48:42] [1] "serif"
INFO [2020-08-07 21:48:42] 
INFO [2020-08-07 21:48:42] $fontface
INFO [2020-08-07 21:48:42] [1] "bold"
INFO [2020-08-07 21:48:42] 
INFO [2020-08-07 21:48:42] $cat.default.pos
INFO [2020-08-07 21:48:42] [1] "text"
INFO [2020-08-07 21:48:42] 
INFO [2020-08-07 21:48:42] $cat.col
INFO [2020-08-07 21:48:42] c("darkred", "darkblue", "darkgreen")
INFO [2020-08-07 21:48:42] 
INFO [2020-08-07 21:48:42] $cat.cex
INFO [2020-08-07 21:48:42] [1] 2.5
INFO [2020-08-07 21:48:42] 
INFO [2020-08-07 21:48:42] $cat.fontfamily
INFO [2020-08-07 21:48:42] [1] "serif"
INFO [2020-08-07 21:48:42] 
INFO [2020-08-07 21:48:42] $cat.dist
INFO [2020-08-07 21:48:42] c(0.06, 0.06, 0.03)
INFO [2020-08-07 21:48:42] 
INFO [2020-08-07 21:48:42] $cat.pos
INFO [2020-08-07 21:48:42] [1] 0
INFO [2020-08-07 21:48:42] 
INFO [2020-08-07 21:48:42] $x
INFO [2020-08-07 21:48:42] list(Set1 = Set1, Set2 = Set2, Set3 = Set3, Set4 = Set4)
INFO [2020-08-07 21:48:42] 
INFO [2020-08-07 21:48:42] $filename
INFO [2020-08-07 21:48:42] NULL
INFO [2020-08-07 21:48:42] 
INFO [2020-08-07 21:48:42] $col
INFO [2020-08-07 21:48:42] [1] "black"
INFO [2020-08-07 21:48:42] 
INFO [2020-08-07 21:48:42] $lty
INFO [2020-08-07 21:48:42] [1] "dotted"
INFO [2020-08-07 21:48:42] 
INFO [2020-08-07 21:48:42] $lwd
INFO [2020-08-07 21:48:42] [1] 4
INFO [2020-08-07 21:48:42] 
INFO [2020-08-07 21:48:42] $fill
INFO [2020-08-07 21:48:42] c("cornflowerblue", "green", "yellow", "darkorchid1")
INFO [2020-08-07 21:48:42] 
INFO [2020-08-07 21:48:42] $alpha
INFO [2020-08-07 21:48:42] [1] 0.5
INFO [2020-08-07 21:48:42] 
INFO [2020-08-07 21:48:42] $label.col
INFO [2020-08-07 21:48:42] c("orange", "white", "darkorchid4", "white", "white", "white", 
INFO [2020-08-07 21:48:42]     "white", "white", "darkblue", "white", "white", "white", 
INFO [2020-08-07 21:48:42]     "white", "darkgreen", "white")
INFO [2020-08-07 21:48:42] 
INFO [2020-08-07 21:48:42] $cex
INFO [2020-08-07 21:48:42] [1] 2.5
INFO [2020-08-07 21:48:42] 
INFO [2020-08-07 21:48:42] $fontfamily
INFO [2020-08-07 21:48:42] [1] "serif"
INFO [2020-08-07 21:48:42] 
INFO [2020-08-07 21:48:42] $fontface
INFO [2020-08-07 21:48:42] [1] "bold"
INFO [2020-08-07 21:48:42] 
INFO [2020-08-07 21:48:42] $cat.col
INFO [2020-08-07 21:48:42] c("darkblue", "darkgreen", "orange", "darkorchid4")
INFO [2020-08-07 21:48:42] 
INFO [2020-08-07 21:48:42] $cat.cex
INFO [2020-08-07 21:48:42] [1] 2.5
INFO [2020-08-07 21:48:42] 
INFO [2020-08-07 21:48:42] $cat.fontfamily
INFO [2020-08-07 21:48:42] [1] "serif"
INFO [2020-08-07 21:48:42] 
INFO [2020-08-07 21:48:42] $x
INFO [2020-08-07 21:48:42] list(Set1 = Set1, Set2 = Set2, Set3 = Set3, Set4 = Set4, Set5 = Set5)
INFO [2020-08-07 21:48:42] 
INFO [2020-08-07 21:48:42] $filename
INFO [2020-08-07 21:48:42] NULL
INFO [2020-08-07 21:48:42] 
INFO [2020-08-07 21:48:42] $col
INFO [2020-08-07 21:48:42] [1] "black"
INFO [2020-08-07 21:48:42] 
INFO [2020-08-07 21:48:42] $fill
INFO [2020-08-07 21:48:42] c("dodgerblue", "goldenrod1", "darkorange1", "seagreen3", "orchid3")
INFO [2020-08-07 21:48:42] 
INFO [2020-08-07 21:48:42] $alpha
INFO [2020-08-07 21:48:42] [1] 0.5
INFO [2020-08-07 21:48:42] 
INFO [2020-08-07 21:48:42] $cex
INFO [2020-08-07 21:48:42] c(1.5, 1.5, 1.5, 1.5, 1.5, 1, 0.8, 1, 0.8, 1, 0.8, 1, 0.8, 1, 
INFO [2020-08-07 21:48:42]     0.8, 1, 0.55, 1, 0.55, 1, 0.55, 1, 0.55, 1, 0.55, 1, 1, 1, 
INFO [2020-08-07 21:48:42]     1, 1, 1.5)
INFO [2020-08-07 21:48:42] 
INFO [2020-08-07 21:48:42] $cat.col
INFO [2020-08-07 21:48:42] c("dodgerblue", "goldenrod1", "darkorange1", "seagreen3", "orchid3")
INFO [2020-08-07 21:48:42] 
INFO [2020-08-07 21:48:42] $cat.cex
INFO [2020-08-07 21:48:42] [1] 1.5
INFO [2020-08-07 21:48:42] 
INFO [2020-08-07 21:48:42] $cat.fontface
INFO [2020-08-07 21:48:42] [1] "bold"
INFO [2020-08-07 21:48:42] 
INFO [2020-08-07 21:48:42] $margin
INFO [2020-08-07 21:48:42] [1] 0.05
INFO [2020-08-07 21:48:42] 
