INFO [2020-08-07 22:04:20] $x
INFO [2020-08-07 22:04:20] list(Set1 = Set1, Set2 = Set2, Set3 = Set3)
INFO [2020-08-07 22:04:20] 
INFO [2020-08-07 22:04:20] $filename
INFO [2020-08-07 22:04:20] NULL
INFO [2020-08-07 22:04:20] 
INFO [2020-08-07 22:04:20] $col
INFO [2020-08-07 22:04:20] [1] "transparent"
INFO [2020-08-07 22:04:20] 
INFO [2020-08-07 22:04:20] $fill
INFO [2020-08-07 22:04:20] c("red", "blue", "green")
INFO [2020-08-07 22:04:20] 
INFO [2020-08-07 22:04:20] $alpha
INFO [2020-08-07 22:04:20] [1] 0.5
INFO [2020-08-07 22:04:20] 
INFO [2020-08-07 22:04:20] $label.col
INFO [2020-08-07 22:04:20] c("darkred", "white", "darkblue", "white", "white", "white", 
INFO [2020-08-07 22:04:20]     "darkgreen")
INFO [2020-08-07 22:04:20] 
INFO [2020-08-07 22:04:20] $cex
INFO [2020-08-07 22:04:20] [1] 2.5
INFO [2020-08-07 22:04:20] 
INFO [2020-08-07 22:04:20] $fontfamily
INFO [2020-08-07 22:04:20] [1] "serif"
INFO [2020-08-07 22:04:20] 
INFO [2020-08-07 22:04:20] $fontface
INFO [2020-08-07 22:04:20] [1] "bold"
INFO [2020-08-07 22:04:20] 
INFO [2020-08-07 22:04:20] $cat.default.pos
INFO [2020-08-07 22:04:20] [1] "text"
INFO [2020-08-07 22:04:20] 
INFO [2020-08-07 22:04:20] $cat.col
INFO [2020-08-07 22:04:20] c("darkred", "darkblue", "darkgreen")
INFO [2020-08-07 22:04:20] 
INFO [2020-08-07 22:04:20] $cat.cex
INFO [2020-08-07 22:04:20] [1] 2.5
INFO [2020-08-07 22:04:20] 
INFO [2020-08-07 22:04:20] $cat.fontfamily
INFO [2020-08-07 22:04:20] [1] "serif"
INFO [2020-08-07 22:04:20] 
INFO [2020-08-07 22:04:20] $cat.dist
INFO [2020-08-07 22:04:20] c(0.06, 0.06, 0.03)
INFO [2020-08-07 22:04:20] 
INFO [2020-08-07 22:04:20] $cat.pos
INFO [2020-08-07 22:04:20] [1] 0
INFO [2020-08-07 22:04:20] 
INFO [2020-08-07 22:04:20] $x
INFO [2020-08-07 22:04:20] list(Set1 = Set1, Set2 = Set2, Set3 = Set3, Set4 = Set4)
INFO [2020-08-07 22:04:20] 
INFO [2020-08-07 22:04:20] $filename
INFO [2020-08-07 22:04:20] NULL
INFO [2020-08-07 22:04:20] 
INFO [2020-08-07 22:04:20] $col
INFO [2020-08-07 22:04:20] [1] "black"
INFO [2020-08-07 22:04:20] 
INFO [2020-08-07 22:04:20] $lty
INFO [2020-08-07 22:04:20] [1] "dotted"
INFO [2020-08-07 22:04:20] 
INFO [2020-08-07 22:04:20] $lwd
INFO [2020-08-07 22:04:20] [1] 4
INFO [2020-08-07 22:04:20] 
INFO [2020-08-07 22:04:20] $fill
INFO [2020-08-07 22:04:20] c("cornflowerblue", "green", "yellow", "darkorchid1")
INFO [2020-08-07 22:04:20] 
INFO [2020-08-07 22:04:20] $alpha
INFO [2020-08-07 22:04:20] [1] 0.5
INFO [2020-08-07 22:04:20] 
INFO [2020-08-07 22:04:20] $label.col
INFO [2020-08-07 22:04:20] c("orange", "white", "darkorchid4", "white", "white", "white", 
INFO [2020-08-07 22:04:20]     "white", "white", "darkblue", "white", "white", "white", 
INFO [2020-08-07 22:04:20]     "white", "darkgreen", "white")
INFO [2020-08-07 22:04:20] 
INFO [2020-08-07 22:04:20] $cex
INFO [2020-08-07 22:04:20] [1] 2.5
INFO [2020-08-07 22:04:20] 
INFO [2020-08-07 22:04:20] $fontfamily
INFO [2020-08-07 22:04:20] [1] "serif"
INFO [2020-08-07 22:04:20] 
INFO [2020-08-07 22:04:20] $fontface
INFO [2020-08-07 22:04:20] [1] "bold"
INFO [2020-08-07 22:04:20] 
INFO [2020-08-07 22:04:20] $cat.col
INFO [2020-08-07 22:04:20] c("darkblue", "darkgreen", "orange", "darkorchid4")
INFO [2020-08-07 22:04:20] 
INFO [2020-08-07 22:04:20] $cat.cex
INFO [2020-08-07 22:04:20] [1] 2.5
INFO [2020-08-07 22:04:20] 
INFO [2020-08-07 22:04:20] $cat.fontfamily
INFO [2020-08-07 22:04:20] [1] "serif"
INFO [2020-08-07 22:04:20] 
INFO [2020-08-07 22:04:20] $x
INFO [2020-08-07 22:04:20] list(Set1 = Set1, Set2 = Set2, Set3 = Set3, Set4 = Set4, Set5 = Set5)
INFO [2020-08-07 22:04:20] 
INFO [2020-08-07 22:04:20] $filename
INFO [2020-08-07 22:04:20] NULL
INFO [2020-08-07 22:04:20] 
INFO [2020-08-07 22:04:20] $col
INFO [2020-08-07 22:04:20] [1] "black"
INFO [2020-08-07 22:04:20] 
INFO [2020-08-07 22:04:20] $fill
INFO [2020-08-07 22:04:20] c("dodgerblue", "goldenrod1", "darkorange1", "seagreen3", "orchid3")
INFO [2020-08-07 22:04:20] 
INFO [2020-08-07 22:04:20] $alpha
INFO [2020-08-07 22:04:20] [1] 0.5
INFO [2020-08-07 22:04:20] 
INFO [2020-08-07 22:04:20] $cex
INFO [2020-08-07 22:04:20] c(1.5, 1.5, 1.5, 1.5, 1.5, 1, 0.8, 1, 0.8, 1, 0.8, 1, 0.8, 1, 
INFO [2020-08-07 22:04:20]     0.8, 1, 0.55, 1, 0.55, 1, 0.55, 1, 0.55, 1, 0.55, 1, 1, 1, 
INFO [2020-08-07 22:04:20]     1, 1, 1.5)
INFO [2020-08-07 22:04:20] 
INFO [2020-08-07 22:04:20] $cat.col
INFO [2020-08-07 22:04:20] c("dodgerblue", "goldenrod1", "darkorange1", "seagreen3", "orchid3")
INFO [2020-08-07 22:04:20] 
INFO [2020-08-07 22:04:20] $cat.cex
INFO [2020-08-07 22:04:20] [1] 1.5
INFO [2020-08-07 22:04:20] 
INFO [2020-08-07 22:04:20] $cat.fontface
INFO [2020-08-07 22:04:20] [1] "bold"
INFO [2020-08-07 22:04:20] 
INFO [2020-08-07 22:04:20] $margin
INFO [2020-08-07 22:04:20] [1] 0.05
INFO [2020-08-07 22:04:20] 
