INFO [2020-08-07 22:04:19] $x
INFO [2020-08-07 22:04:19] list(Set1 = Set1)
INFO [2020-08-07 22:04:19] 
INFO [2020-08-07 22:04:19] $filename
INFO [2020-08-07 22:04:19] NULL
INFO [2020-08-07 22:04:19] 
INFO [2020-08-07 22:04:19] $col
INFO [2020-08-07 22:04:19] [1] "black"
INFO [2020-08-07 22:04:19] 
INFO [2020-08-07 22:04:19] $lwd
INFO [2020-08-07 22:04:19] [1] 9
INFO [2020-08-07 22:04:19] 
INFO [2020-08-07 22:04:19] $fontface
INFO [2020-08-07 22:04:19] [1] "bold"
INFO [2020-08-07 22:04:19] 
INFO [2020-08-07 22:04:19] $fill
INFO [2020-08-07 22:04:19] [1] "grey"
INFO [2020-08-07 22:04:19] 
INFO [2020-08-07 22:04:19] $alpha
INFO [2020-08-07 22:04:19] [1] 0.75
INFO [2020-08-07 22:04:19] 
INFO [2020-08-07 22:04:19] $cex
INFO [2020-08-07 22:04:19] [1] 4
INFO [2020-08-07 22:04:19] 
INFO [2020-08-07 22:04:19] $cat.cex
INFO [2020-08-07 22:04:19] [1] 3
INFO [2020-08-07 22:04:19] 
INFO [2020-08-07 22:04:19] $cat.fontface
INFO [2020-08-07 22:04:19] [1] "bold"
INFO [2020-08-07 22:04:19] 
INFO [2020-08-07 22:04:19] [[11]]
INFO [2020-08-07 22:04:19] 
INFO [2020-08-07 22:04:19] 
INFO [2020-08-07 22:04:19] $x
INFO [2020-08-07 22:04:19] list(Set1 = Set1, Set2 = Set2)
INFO [2020-08-07 22:04:19] 
INFO [2020-08-07 22:04:19] $filename
INFO [2020-08-07 22:04:19] NULL
INFO [2020-08-07 22:04:19] 
INFO [2020-08-07 22:04:19] $lwd
INFO [2020-08-07 22:04:19] [1] 4
INFO [2020-08-07 22:04:19] 
INFO [2020-08-07 22:04:19] $fill
INFO [2020-08-07 22:04:19] c("cornflowerblue", "darkorchid1")
INFO [2020-08-07 22:04:19] 
INFO [2020-08-07 22:04:19] $alpha
INFO [2020-08-07 22:04:19] [1] 0.75
INFO [2020-08-07 22:04:19] 
INFO [2020-08-07 22:04:19] $label.col
INFO [2020-08-07 22:04:19] [1] "white"
INFO [2020-08-07 22:04:19] 
INFO [2020-08-07 22:04:19] $cex
INFO [2020-08-07 22:04:19] [1] 4
INFO [2020-08-07 22:04:19] 
INFO [2020-08-07 22:04:19] $fontfamily
INFO [2020-08-07 22:04:19] [1] "serif"
INFO [2020-08-07 22:04:19] 
INFO [2020-08-07 22:04:19] $fontface
INFO [2020-08-07 22:04:19] [1] "bold"
INFO [2020-08-07 22:04:19] 
INFO [2020-08-07 22:04:19] $cat.col
INFO [2020-08-07 22:04:19] c("cornflowerblue", "darkorchid1")
INFO [2020-08-07 22:04:19] 
INFO [2020-08-07 22:04:19] $cat.cex
INFO [2020-08-07 22:04:19] [1] 3
INFO [2020-08-07 22:04:19] 
INFO [2020-08-07 22:04:19] $cat.fontfamily
INFO [2020-08-07 22:04:19] [1] "serif"
INFO [2020-08-07 22:04:19] 
INFO [2020-08-07 22:04:19] $cat.fontface
INFO [2020-08-07 22:04:19] [1] "bold"
INFO [2020-08-07 22:04:19] 
INFO [2020-08-07 22:04:19] $cat.dist
INFO [2020-08-07 22:04:19] c(0.03, 0.03)
INFO [2020-08-07 22:04:19] 
INFO [2020-08-07 22:04:19] $cat.pos
INFO [2020-08-07 22:04:19] c(-20, 14)
INFO [2020-08-07 22:04:19] 
