INFO [2020-08-07 21:38:53] $x
INFO [2020-08-07 21:38:53] list(Set1 = Set1)
INFO [2020-08-07 21:38:53] 
INFO [2020-08-07 21:38:53] $filename
INFO [2020-08-07 21:38:53] NULL
INFO [2020-08-07 21:38:53] 
INFO [2020-08-07 21:38:53] $col
INFO [2020-08-07 21:38:53] [1] "black"
INFO [2020-08-07 21:38:53] 
INFO [2020-08-07 21:38:53] $lwd
INFO [2020-08-07 21:38:53] [1] 9
INFO [2020-08-07 21:38:53] 
INFO [2020-08-07 21:38:53] $fontface
INFO [2020-08-07 21:38:53] [1] "bold"
INFO [2020-08-07 21:38:53] 
INFO [2020-08-07 21:38:53] $fill
INFO [2020-08-07 21:38:53] [1] "grey"
INFO [2020-08-07 21:38:53] 
INFO [2020-08-07 21:38:53] $alpha
INFO [2020-08-07 21:38:53] [1] 0.75
INFO [2020-08-07 21:38:53] 
INFO [2020-08-07 21:38:53] $cex
INFO [2020-08-07 21:38:53] [1] 4
INFO [2020-08-07 21:38:53] 
INFO [2020-08-07 21:38:53] $cat.cex
INFO [2020-08-07 21:38:53] [1] 3
INFO [2020-08-07 21:38:53] 
INFO [2020-08-07 21:38:53] $cat.fontface
INFO [2020-08-07 21:38:53] [1] "bold"
INFO [2020-08-07 21:38:53] 
INFO [2020-08-07 21:38:53] [[11]]
INFO [2020-08-07 21:38:53] 
INFO [2020-08-07 21:38:53] 
