INFO [2020-08-07 21:40:48] $x
INFO [2020-08-07 21:40:48] list(Set1 = Set1, Set2 = Set2, Set3 = Set3)
INFO [2020-08-07 21:40:48] 
INFO [2020-08-07 21:40:48] $filename
INFO [2020-08-07 21:40:48] NULL
INFO [2020-08-07 21:40:48] 
INFO [2020-08-07 21:40:48] $col
INFO [2020-08-07 21:40:48] [1] "transparent"
INFO [2020-08-07 21:40:48] 
INFO [2020-08-07 21:40:48] $fill
INFO [2020-08-07 21:40:48] c("red", "blue", "green")
INFO [2020-08-07 21:40:48] 
INFO [2020-08-07 21:40:48] $alpha
INFO [2020-08-07 21:40:48] [1] 0.5
INFO [2020-08-07 21:40:48] 
INFO [2020-08-07 21:40:48] $label.col
INFO [2020-08-07 21:40:48] c("darkred", "white", "darkblue", "white", "white", "white", 
INFO [2020-08-07 21:40:48]     "darkgreen")
INFO [2020-08-07 21:40:48] 
INFO [2020-08-07 21:40:48] $cex
INFO [2020-08-07 21:40:48] [1] 2.5
INFO [2020-08-07 21:40:48] 
INFO [2020-08-07 21:40:48] $fontfamily
INFO [2020-08-07 21:40:48] [1] "serif"
INFO [2020-08-07 21:40:48] 
INFO [2020-08-07 21:40:48] $fontface
INFO [2020-08-07 21:40:48] [1] "bold"
INFO [2020-08-07 21:40:48] 
INFO [2020-08-07 21:40:48] $cat.default.pos
INFO [2020-08-07 21:40:48] [1] "text"
INFO [2020-08-07 21:40:48] 
INFO [2020-08-07 21:40:48] $cat.col
INFO [2020-08-07 21:40:48] c("darkred", "darkblue", "darkgreen")
INFO [2020-08-07 21:40:48] 
INFO [2020-08-07 21:40:48] $cat.cex
INFO [2020-08-07 21:40:48] [1] 2.5
INFO [2020-08-07 21:40:48] 
INFO [2020-08-07 21:40:48] $cat.fontfamily
INFO [2020-08-07 21:40:48] [1] "serif"
INFO [2020-08-07 21:40:48] 
INFO [2020-08-07 21:40:48] $cat.dist
INFO [2020-08-07 21:40:48] c(0.06, 0.06, 0.03)
INFO [2020-08-07 21:40:48] 
INFO [2020-08-07 21:40:48] $cat.pos
INFO [2020-08-07 21:40:48] [1] 0
INFO [2020-08-07 21:40:48] 
