INFO [2020-08-07 22:13:38] $x
INFO [2020-08-07 22:13:38] list(Set1 = Set1)
INFO [2020-08-07 22:13:38] 
INFO [2020-08-07 22:13:38] $filename
INFO [2020-08-07 22:13:38] NULL
INFO [2020-08-07 22:13:38] 
INFO [2020-08-07 22:13:38] $col
INFO [2020-08-07 22:13:38] [1] "black"
INFO [2020-08-07 22:13:38] 
INFO [2020-08-07 22:13:38] $lwd
INFO [2020-08-07 22:13:38] [1] 9
INFO [2020-08-07 22:13:38] 
INFO [2020-08-07 22:13:38] $fontface
INFO [2020-08-07 22:13:38] [1] "bold"
INFO [2020-08-07 22:13:38] 
INFO [2020-08-07 22:13:38] $fill
INFO [2020-08-07 22:13:38] [1] "grey"
INFO [2020-08-07 22:13:38] 
INFO [2020-08-07 22:13:38] $alpha
INFO [2020-08-07 22:13:38] [1] 0.75
INFO [2020-08-07 22:13:38] 
INFO [2020-08-07 22:13:38] $cex
INFO [2020-08-07 22:13:38] [1] 4
INFO [2020-08-07 22:13:38] 
INFO [2020-08-07 22:13:38] $cat.cex
INFO [2020-08-07 22:13:38] [1] 3
INFO [2020-08-07 22:13:38] 
INFO [2020-08-07 22:13:38] $cat.fontface
INFO [2020-08-07 22:13:38] [1] "bold"
INFO [2020-08-07 22:13:38] 
INFO [2020-08-07 22:13:38] [[11]]
INFO [2020-08-07 22:13:38] 
INFO [2020-08-07 22:13:38] 
