INFO [2020-08-07 22:14:13] $x
INFO [2020-08-07 22:14:13] list(Set1 = Set1, Set2 = Set2)
INFO [2020-08-07 22:14:13] 
INFO [2020-08-07 22:14:13] $filename
INFO [2020-08-07 22:14:13] NULL
INFO [2020-08-07 22:14:13] 
INFO [2020-08-07 22:14:13] $lwd
INFO [2020-08-07 22:14:13] [1] 4
INFO [2020-08-07 22:14:13] 
INFO [2020-08-07 22:14:13] $fill
INFO [2020-08-07 22:14:13] c("cornflowerblue", "darkorchid1")
INFO [2020-08-07 22:14:13] 
INFO [2020-08-07 22:14:13] $alpha
INFO [2020-08-07 22:14:13] [1] 0.75
INFO [2020-08-07 22:14:13] 
INFO [2020-08-07 22:14:13] $label.col
INFO [2020-08-07 22:14:13] [1] "white"
INFO [2020-08-07 22:14:13] 
INFO [2020-08-07 22:14:13] $cex
INFO [2020-08-07 22:14:13] [1] 4
INFO [2020-08-07 22:14:13] 
INFO [2020-08-07 22:14:13] $fontfamily
INFO [2020-08-07 22:14:13] [1] "serif"
INFO [2020-08-07 22:14:13] 
INFO [2020-08-07 22:14:13] $fontface
INFO [2020-08-07 22:14:13] [1] "bold"
INFO [2020-08-07 22:14:13] 
INFO [2020-08-07 22:14:13] $cat.col
INFO [2020-08-07 22:14:13] c("cornflowerblue", "darkorchid1")
INFO [2020-08-07 22:14:13] 
INFO [2020-08-07 22:14:13] $cat.cex
INFO [2020-08-07 22:14:13] [1] 3
INFO [2020-08-07 22:14:13] 
INFO [2020-08-07 22:14:13] $cat.fontfamily
INFO [2020-08-07 22:14:13] [1] "serif"
INFO [2020-08-07 22:14:13] 
INFO [2020-08-07 22:14:13] $cat.fontface
INFO [2020-08-07 22:14:13] [1] "bold"
INFO [2020-08-07 22:14:13] 
INFO [2020-08-07 22:14:13] $cat.dist
INFO [2020-08-07 22:14:13] c(0.03, 0.03)
INFO [2020-08-07 22:14:13] 
INFO [2020-08-07 22:14:13] $cat.pos
INFO [2020-08-07 22:14:13] c(-20, 14)
INFO [2020-08-07 22:14:13] 
