INFO [2020-08-07 21:41:57] $x
INFO [2020-08-07 21:41:57] list(Set1 = Set1, Set2 = Set2, Set3 = Set3, Set4 = Set4)
INFO [2020-08-07 21:41:57] 
INFO [2020-08-07 21:41:57] $filename
INFO [2020-08-07 21:41:57] NULL
INFO [2020-08-07 21:41:57] 
INFO [2020-08-07 21:41:57] $col
INFO [2020-08-07 21:41:57] [1] "black"
INFO [2020-08-07 21:41:57] 
INFO [2020-08-07 21:41:57] $lty
INFO [2020-08-07 21:41:57] [1] "dotted"
INFO [2020-08-07 21:41:57] 
INFO [2020-08-07 21:41:57] $lwd
INFO [2020-08-07 21:41:57] [1] 4
INFO [2020-08-07 21:41:57] 
INFO [2020-08-07 21:41:57] $fill
INFO [2020-08-07 21:41:57] c("cornflowerblue", "green", "yellow", "darkorchid1")
INFO [2020-08-07 21:41:57] 
INFO [2020-08-07 21:41:57] $alpha
INFO [2020-08-07 21:41:57] [1] 0.5
INFO [2020-08-07 21:41:57] 
INFO [2020-08-07 21:41:57] $label.col
INFO [2020-08-07 21:41:57] c("orange", "white", "darkorchid4", "white", "white", "white", 
INFO [2020-08-07 21:41:57]     "white", "white", "darkblue", "white", "white", "white", 
INFO [2020-08-07 21:41:57]     "white", "darkgreen", "white")
INFO [2020-08-07 21:41:57] 
INFO [2020-08-07 21:41:57] $cex
INFO [2020-08-07 21:41:57] [1] 2.5
INFO [2020-08-07 21:41:57] 
INFO [2020-08-07 21:41:57] $fontfamily
INFO [2020-08-07 21:41:57] [1] "serif"
INFO [2020-08-07 21:41:57] 
INFO [2020-08-07 21:41:57] $fontface
INFO [2020-08-07 21:41:57] [1] "bold"
INFO [2020-08-07 21:41:57] 
INFO [2020-08-07 21:41:57] $cat.col
INFO [2020-08-07 21:41:57] c("darkblue", "darkgreen", "orange", "darkorchid4")
INFO [2020-08-07 21:41:57] 
INFO [2020-08-07 21:41:57] $cat.cex
INFO [2020-08-07 21:41:57] [1] 2.5
INFO [2020-08-07 21:41:57] 
INFO [2020-08-07 21:41:57] $cat.fontfamily
INFO [2020-08-07 21:41:57] [1] "serif"
INFO [2020-08-07 21:41:57] 
