INFO [2020-08-07 21:33:20] $x
INFO [2020-08-07 21:33:20] list(Set1 = Set1, Set2 = Set2)
INFO [2020-08-07 21:33:20] 
INFO [2020-08-07 21:33:20] $filename
INFO [2020-08-07 21:33:20] NULL
INFO [2020-08-07 21:33:20] 
INFO [2020-08-07 21:33:20] $scaled
INFO [2020-08-07 21:33:20] [1] TRUE
INFO [2020-08-07 21:33:20] 
INFO [2020-08-07 21:33:20] $ext.text
INFO [2020-08-07 21:33:20] [1] TRUE
INFO [2020-08-07 21:33:20] 
INFO [2020-08-07 21:33:20] $ext.line.lwd
INFO [2020-08-07 21:33:20] [1] 2
INFO [2020-08-07 21:33:20] 
INFO [2020-08-07 21:33:20] $ext.dist
INFO [2020-08-07 21:33:20] -0.15
INFO [2020-08-07 21:33:20] 
INFO [2020-08-07 21:33:20] $ext.length
INFO [2020-08-07 21:33:20] [1] 0.9
INFO [2020-08-07 21:33:20] 
INFO [2020-08-07 21:33:20] $ext.pos
INFO [2020-08-07 21:33:20] -4
INFO [2020-08-07 21:33:20] 
INFO [2020-08-07 21:33:20] $inverted
INFO [2020-08-07 21:33:20] [1] TRUE
INFO [2020-08-07 21:33:20] 
INFO [2020-08-07 21:33:20] $cex
INFO [2020-08-07 21:33:20] [1] 2.5
INFO [2020-08-07 21:33:20] 
INFO [2020-08-07 21:33:20] $cat.cex
INFO [2020-08-07 21:33:20] [1] 2.5
INFO [2020-08-07 21:33:20] 
INFO [2020-08-07 21:33:20] $rotation.degree
INFO [2020-08-07 21:33:20] [1] 45
INFO [2020-08-07 21:33:20] 
INFO [2020-08-07 21:33:20] $main
INFO [2020-08-07 21:33:20] [1] "Complex Venn Diagram"
INFO [2020-08-07 21:33:20] 
INFO [2020-08-07 21:33:20] $sub
INFO [2020-08-07 21:33:20] [1] "Featuring: rotation and external lines"
INFO [2020-08-07 21:33:20] 
INFO [2020-08-07 21:33:20] $main.cex
INFO [2020-08-07 21:33:20] [1] 2
INFO [2020-08-07 21:33:20] 
INFO [2020-08-07 21:33:20] $sub.cex
INFO [2020-08-07 21:33:20] [1] 1
INFO [2020-08-07 21:33:20] 
