INFO [2020-08-07 21:38:17] $x
INFO [2020-08-07 21:38:17] list(Set1)
INFO [2020-08-07 21:38:17] 
INFO [2020-08-07 21:38:17] $filename
INFO [2020-08-07 21:38:17] NULL
INFO [2020-08-07 21:38:17] 
INFO [2020-08-07 21:38:17] $col
INFO [2020-08-07 21:38:17] [1] "black"
INFO [2020-08-07 21:38:17] 
INFO [2020-08-07 21:38:17] $lwd
INFO [2020-08-07 21:38:17] [1] 9
INFO [2020-08-07 21:38:17] 
INFO [2020-08-07 21:38:17] $fontface
INFO [2020-08-07 21:38:17] [1] "bold"
INFO [2020-08-07 21:38:17] 
INFO [2020-08-07 21:38:17] $fill
INFO [2020-08-07 21:38:17] [1] "grey"
INFO [2020-08-07 21:38:17] 
INFO [2020-08-07 21:38:17] $alpha
INFO [2020-08-07 21:38:17] [1] 0.75
INFO [2020-08-07 21:38:17] 
INFO [2020-08-07 21:38:17] $cex
INFO [2020-08-07 21:38:17] [1] 4
INFO [2020-08-07 21:38:17] 
INFO [2020-08-07 21:38:17] $cat.cex
INFO [2020-08-07 21:38:17] [1] 3
INFO [2020-08-07 21:38:17] 
INFO [2020-08-07 21:38:17] $cat.fontface
INFO [2020-08-07 21:38:17] [1] "bold"
INFO [2020-08-07 21:38:17] 
INFO [2020-08-07 21:38:17] [[11]]
INFO [2020-08-07 21:38:17] 
INFO [2020-08-07 21:38:17] 
