INFO [2020-08-07 22:12:57] $x
INFO [2020-08-07 22:12:57] list(Set1 = Set1)
INFO [2020-08-07 22:12:57] 
INFO [2020-08-07 22:12:57] $filename
INFO [2020-08-07 22:12:57] NULL
INFO [2020-08-07 22:12:57] 
INFO [2020-08-07 22:12:57] $col
INFO [2020-08-07 22:12:57] [1] "black"
INFO [2020-08-07 22:12:57] 
INFO [2020-08-07 22:12:57] $lwd
INFO [2020-08-07 22:12:57] [1] 9
INFO [2020-08-07 22:12:57] 
INFO [2020-08-07 22:12:57] $fontface
INFO [2020-08-07 22:12:57] [1] "bold"
INFO [2020-08-07 22:12:57] 
INFO [2020-08-07 22:12:57] $fill
INFO [2020-08-07 22:12:57] [1] "grey"
INFO [2020-08-07 22:12:57] 
INFO [2020-08-07 22:12:57] $alpha
INFO [2020-08-07 22:12:57] [1] 0.75
INFO [2020-08-07 22:12:57] 
INFO [2020-08-07 22:12:57] $cex
INFO [2020-08-07 22:12:57] [1] 4
INFO [2020-08-07 22:12:57] 
INFO [2020-08-07 22:12:57] $cat.cex
INFO [2020-08-07 22:12:57] [1] 3
INFO [2020-08-07 22:12:57] 
INFO [2020-08-07 22:12:57] $cat.fontface
INFO [2020-08-07 22:12:57] [1] "bold"
INFO [2020-08-07 22:12:57] 
INFO [2020-08-07 22:12:57] [[11]]
INFO [2020-08-07 22:12:57] 
INFO [2020-08-07 22:12:57] 
