INFO [2020-08-07 22:13:43] $x
INFO [2020-08-07 22:13:43] list(Set1 = Set1, Set2 = Set2)
INFO [2020-08-07 22:13:43] 
INFO [2020-08-07 22:13:43] $filename
INFO [2020-08-07 22:13:43] NULL
INFO [2020-08-07 22:13:43] 
INFO [2020-08-07 22:13:43] $lwd
INFO [2020-08-07 22:13:43] [1] 4
INFO [2020-08-07 22:13:43] 
INFO [2020-08-07 22:13:43] $fill
INFO [2020-08-07 22:13:43] c("cornflowerblue", "darkorchid1")
INFO [2020-08-07 22:13:43] 
INFO [2020-08-07 22:13:43] $alpha
INFO [2020-08-07 22:13:43] [1] 0.75
INFO [2020-08-07 22:13:43] 
INFO [2020-08-07 22:13:43] $label.col
INFO [2020-08-07 22:13:43] [1] "white"
INFO [2020-08-07 22:13:43] 
INFO [2020-08-07 22:13:43] $cex
INFO [2020-08-07 22:13:43] [1] 4
INFO [2020-08-07 22:13:43] 
INFO [2020-08-07 22:13:43] $fontfamily
INFO [2020-08-07 22:13:43] [1] "serif"
INFO [2020-08-07 22:13:43] 
INFO [2020-08-07 22:13:43] $fontface
INFO [2020-08-07 22:13:43] [1] "bold"
INFO [2020-08-07 22:13:43] 
INFO [2020-08-07 22:13:43] $cat.col
INFO [2020-08-07 22:13:43] c("cornflowerblue", "darkorchid1")
INFO [2020-08-07 22:13:43] 
INFO [2020-08-07 22:13:43] $cat.cex
INFO [2020-08-07 22:13:43] [1] 3
INFO [2020-08-07 22:13:43] 
INFO [2020-08-07 22:13:43] $cat.fontfamily
INFO [2020-08-07 22:13:43] [1] "serif"
INFO [2020-08-07 22:13:43] 
INFO [2020-08-07 22:13:43] $cat.fontface
INFO [2020-08-07 22:13:43] [1] "bold"
INFO [2020-08-07 22:13:43] 
INFO [2020-08-07 22:13:43] $cat.dist
INFO [2020-08-07 22:13:43] c(0.03, 0.03)
INFO [2020-08-07 22:13:43] 
INFO [2020-08-07 22:13:43] $cat.pos
INFO [2020-08-07 22:13:43] c(-20, 14)
INFO [2020-08-07 22:13:43] 
