INFO [2020-08-07 21:31:51] $x
INFO [2020-08-07 21:31:51] list(Set1, Set2)
INFO [2020-08-07 21:31:51] 
INFO [2020-08-07 21:31:51] $filename
INFO [2020-08-07 21:31:51] [1] "Venn_2set_complex.tiff"
INFO [2020-08-07 21:31:51] 
INFO [2020-08-07 21:31:51] $ext.text
INFO [2020-08-07 21:31:51] [1] TRUE
INFO [2020-08-07 21:31:51] 
INFO [2020-08-07 21:31:51] $ext.line.lwd
INFO [2020-08-07 21:31:51] [1] 2
INFO [2020-08-07 21:31:51] 
INFO [2020-08-07 21:31:51] $ext.dist
INFO [2020-08-07 21:31:51] -0.15
INFO [2020-08-07 21:31:51] 
INFO [2020-08-07 21:31:51] $ext.length
INFO [2020-08-07 21:31:51] [1] 0.9
INFO [2020-08-07 21:31:51] 
INFO [2020-08-07 21:31:51] $ext.pos
INFO [2020-08-07 21:31:51] -4
INFO [2020-08-07 21:31:51] 
INFO [2020-08-07 21:31:51] $inverted
INFO [2020-08-07 21:31:51] [1] TRUE
INFO [2020-08-07 21:31:51] 
INFO [2020-08-07 21:31:51] $cex
INFO [2020-08-07 21:31:51] [1] 2.5
INFO [2020-08-07 21:31:51] 
INFO [2020-08-07 21:31:51] $cat.cex
INFO [2020-08-07 21:31:51] [1] 2.5
INFO [2020-08-07 21:31:51] 
INFO [2020-08-07 21:31:51] $rotation.degree
INFO [2020-08-07 21:31:51] [1] 45
INFO [2020-08-07 21:31:51] 
INFO [2020-08-07 21:31:51] $main
INFO [2020-08-07 21:31:51] [1] "Complex Venn Diagram"
INFO [2020-08-07 21:31:51] 
INFO [2020-08-07 21:31:51] $sub
INFO [2020-08-07 21:31:51] [1] "Featuring: rotation and external lines"
INFO [2020-08-07 21:31:51] 
INFO [2020-08-07 21:31:51] $main.cex
INFO [2020-08-07 21:31:51] [1] 2
INFO [2020-08-07 21:31:51] 
INFO [2020-08-07 21:31:51] $sub.cex
INFO [2020-08-07 21:31:51] [1] 1
INFO [2020-08-07 21:31:51] 
ERROR [2020-08-07 21:31:51] Unexpected parameter length for 'category'
