INFO [2020-08-07 21:31:15] $x
INFO [2020-08-07 21:31:15] list(Set1, Set2)
INFO [2020-08-07 21:31:15] 
INFO [2020-08-07 21:31:15] $filename
INFO [2020-08-07 21:31:15] [1] "Venn_2set_complex.tiff"
INFO [2020-08-07 21:31:15] 
INFO [2020-08-07 21:31:15] $scaled
INFO [2020-08-07 21:31:15] [1] TRUE
INFO [2020-08-07 21:31:15] 
INFO [2020-08-07 21:31:15] $ext.text
INFO [2020-08-07 21:31:15] [1] TRUE
INFO [2020-08-07 21:31:15] 
INFO [2020-08-07 21:31:15] $ext.line.lwd
INFO [2020-08-07 21:31:15] [1] 2
INFO [2020-08-07 21:31:15] 
INFO [2020-08-07 21:31:15] $ext.dist
INFO [2020-08-07 21:31:15] -0.15
INFO [2020-08-07 21:31:15] 
INFO [2020-08-07 21:31:15] $ext.length
INFO [2020-08-07 21:31:15] [1] 0.9
INFO [2020-08-07 21:31:15] 
INFO [2020-08-07 21:31:15] $ext.pos
INFO [2020-08-07 21:31:15] -4
INFO [2020-08-07 21:31:15] 
INFO [2020-08-07 21:31:15] $inverted
INFO [2020-08-07 21:31:15] [1] TRUE
INFO [2020-08-07 21:31:15] 
INFO [2020-08-07 21:31:15] $cex
INFO [2020-08-07 21:31:15] [1] 2.5
INFO [2020-08-07 21:31:15] 
INFO [2020-08-07 21:31:15] $cat.cex
INFO [2020-08-07 21:31:15] [1] 2.5
INFO [2020-08-07 21:31:15] 
INFO [2020-08-07 21:31:15] $rotation.degree
INFO [2020-08-07 21:31:15] [1] 45
INFO [2020-08-07 21:31:15] 
INFO [2020-08-07 21:31:15] $main
INFO [2020-08-07 21:31:15] [1] "Complex Venn Diagram"
INFO [2020-08-07 21:31:15] 
INFO [2020-08-07 21:31:15] $sub
INFO [2020-08-07 21:31:15] [1] "Featuring: rotation and external lines"
INFO [2020-08-07 21:31:15] 
INFO [2020-08-07 21:31:15] $main.cex
INFO [2020-08-07 21:31:15] [1] 2
INFO [2020-08-07 21:31:15] 
INFO [2020-08-07 21:31:15] $sub.cex
INFO [2020-08-07 21:31:15] [1] 1
INFO [2020-08-07 21:31:15] 
ERROR [2020-08-07 21:31:15] Unexpected parameter length for 'category'
